<?xml version="1.0" encoding="UTF-8"?>
<robot generator="Robot 6.1.1 (Python 3.14.0 on win32)" generated="20251026 12:04:30.750" rpa="false" schemaversion="4">
<suite id="s1" name="Cart Page" source="C:\Users\Sumanth\RobotFrameWork\TestCodes\cart_page.robot">
<test id="s1-t1" name="Validate Add Item To Cart" line="29">
<kw name="Open Webpage URL" library="generic" type="SETUP">
<arg>${browser_name}</arg>
<arg>${webpage_url}</arg>
<kw name="Create Webdriver" library="SeleniumLibrary">
<arg>${browser}</arg>
<arg>C:\webdriver_manager</arg>
<doc>Creates an instance of Selenium WebDriver.</doc>
<msg timestamp="20251026 12:04:31.048" level="INFO">Creating an instance of the Firefox WebDriver.</msg>
<status status="PASS" starttime="20251026 12:04:31.048" endtime="20251026 12:04:36.641"/>
</kw>
<kw name="Maximize Browser Window" library="SeleniumLibrary">
<doc>Maximizes current browser window.</doc>
<status status="PASS" starttime="20251026 12:04:36.641" endtime="20251026 12:04:36.911"/>
</kw>
<kw name="Go To" library="SeleniumLibrary">
<arg>${url}</arg>
<doc>Navigates the current browser window to the provided ``url``.</doc>
<msg timestamp="20251026 12:04:36.912" level="INFO">Opening url 'https://www.saucedemo.com/'</msg>
<status status="PASS" starttime="20251026 12:04:36.911" endtime="20251026 12:04:37.364"/>
</kw>
<status status="PASS" starttime="20251026 12:04:31.047" endtime="20251026 12:04:37.364"/>
</kw>
<kw name="Login Into The Webpage" library="loginpage">
<kw name="Enter User Credentials And Login" library="loginpage">
<arg>${valid_username}</arg>
<arg>${valid_password}</arg>
<kw name="Page Should Contain" library="SeleniumLibrary">
<arg>${logo_text}</arg>
<doc>Verifies that current page contains ``text``.</doc>
<msg timestamp="20251026 12:04:37.408" level="INFO">Current page contains text 'Swag Labs'.</msg>
<status status="PASS" starttime="20251026 12:04:37.369" endtime="20251026 12:04:37.408"/>
</kw>
<kw name="Input Text" library="SeleniumLibrary">
<arg>${email_input}</arg>
<arg>${username}</arg>
<doc>Types the given ``text`` into the text field identified by ``locator``.</doc>
<msg timestamp="20251026 12:04:37.410" level="INFO">Typing text 'standard_user' into text field 'css:#user-name'.</msg>
<status status="PASS" starttime="20251026 12:04:37.408" endtime="20251026 12:04:37.582"/>
</kw>
<kw name="Input Password" library="SeleniumLibrary">
<arg>${password_input}</arg>
<arg>${password}</arg>
<doc>Types the given password into the text field identified by ``locator``.</doc>
<msg timestamp="20251026 12:04:37.583" level="INFO">Typing password into text field 'css:#password'.</msg>
<msg timestamp="20251026 12:04:37.606" level="INFO">Temporally setting log level to: NONE</msg>
<msg timestamp="20251026 12:04:37.641" level="INFO">Log level changed from NONE to INFO.</msg>
<status status="PASS" starttime="20251026 12:04:37.582" endtime="20251026 12:04:37.641"/>
</kw>
<kw name="Click Button" library="SeleniumLibrary">
<arg>${login_button}</arg>
<doc>Clicks the button identified by ``locator``.</doc>
<msg timestamp="20251026 12:04:37.641" level="INFO">Clicking button 'id:login-button'.</msg>
<status status="PASS" starttime="20251026 12:04:37.641" endtime="20251026 12:04:37.797"/>
</kw>
<status status="PASS" starttime="20251026 12:04:37.368" endtime="20251026 12:04:37.797"/>
</kw>
<kw name="Verify HomePage Login" library="loginpage">
<kw name="Location Should Be" library="SeleniumLibrary">
<arg>${inventory_page_url}</arg>
<doc>Verifies that the current URL is exactly ``url``.</doc>
<msg timestamp="20251026 12:04:37.800" level="INFO">Current location is 'https://www.saucedemo.com/inventory.html'.</msg>
<status status="PASS" starttime="20251026 12:04:37.797" endtime="20251026 12:04:37.800"/>
</kw>
<status status="PASS" starttime="20251026 12:04:37.797" endtime="20251026 12:04:37.800"/>
</kw>
<status status="PASS" starttime="20251026 12:04:37.368" endtime="20251026 12:04:37.800"/>
</kw>
<kw name="Add Items To Cart" library="inventorypage">
<arg>${cart_list}</arg>
<for flavor="IN">
<var>${item}</var>
<value>@{list}</value>
<iter>
<var name="${item}">Sauce Labs Backpack</var>
<kw name="Get From Dictionary" library="Collections">
<var>${locator}</var>
<arg>${inventory_items}</arg>
<arg>${item}</arg>
<doc>Returns a value from the given ``dictionary`` based on the given ``key``.</doc>
<msg timestamp="20251026 12:04:37.808" level="INFO">${locator} = css:button#add-to-cart-sauce-labs-backpack</msg>
<status status="PASS" starttime="20251026 12:04:37.807" endtime="20251026 12:04:37.808"/>
</kw>
<kw name="Click Button" library="SeleniumLibrary">
<arg>${locator}</arg>
<doc>Clicks the button identified by ``locator``.</doc>
<msg timestamp="20251026 12:04:37.808" level="INFO">Clicking button 'css:button#add-to-cart-sauce-labs-backpack'.</msg>
<status status="PASS" starttime="20251026 12:04:37.808" endtime="20251026 12:04:37.925"/>
</kw>
<status status="PASS" starttime="20251026 12:04:37.807" endtime="20251026 12:04:37.925"/>
</iter>
<iter>
<var name="${item}">Sauce Labs Fleece Jacket</var>
<kw name="Get From Dictionary" library="Collections">
<var>${locator}</var>
<arg>${inventory_items}</arg>
<arg>${item}</arg>
<doc>Returns a value from the given ``dictionary`` based on the given ``key``.</doc>
<msg timestamp="20251026 12:04:37.926" level="INFO">${locator} = css:button#add-to-cart-sauce-labs-fleece-jacket</msg>
<status status="PASS" starttime="20251026 12:04:37.925" endtime="20251026 12:04:37.926"/>
</kw>
<kw name="Click Button" library="SeleniumLibrary">
<arg>${locator}</arg>
<doc>Clicks the button identified by ``locator``.</doc>
<msg timestamp="20251026 12:04:37.926" level="INFO">Clicking button 'css:button#add-to-cart-sauce-labs-fleece-jacket'.</msg>
<status status="PASS" starttime="20251026 12:04:37.926" endtime="20251026 12:04:38.034"/>
</kw>
<status status="PASS" starttime="20251026 12:04:37.925" endtime="20251026 12:04:38.034"/>
</iter>
<iter>
<var name="${item}">Sauce Labs Onesie</var>
<kw name="Get From Dictionary" library="Collections">
<var>${locator}</var>
<arg>${inventory_items}</arg>
<arg>${item}</arg>
<doc>Returns a value from the given ``dictionary`` based on the given ``key``.</doc>
<msg timestamp="20251026 12:04:38.035" level="INFO">${locator} = css:button#add-to-cart-sauce-labs-onesie</msg>
<status status="PASS" starttime="20251026 12:04:38.034" endtime="20251026 12:04:38.035"/>
</kw>
<kw name="Click Button" library="SeleniumLibrary">
<arg>${locator}</arg>
<doc>Clicks the button identified by ``locator``.</doc>
<msg timestamp="20251026 12:04:38.035" level="INFO">Clicking button 'css:button#add-to-cart-sauce-labs-onesie'.</msg>
<status status="PASS" starttime="20251026 12:04:38.035" endtime="20251026 12:04:38.135"/>
</kw>
<status status="PASS" starttime="20251026 12:04:38.034" endtime="20251026 12:04:38.135"/>
</iter>
<status status="PASS" starttime="20251026 12:04:37.807" endtime="20251026 12:04:38.135"/>
</for>
<status status="PASS" starttime="20251026 12:04:37.806" endtime="20251026 12:04:38.135"/>
</kw>
<kw name="Go To Cart" library="inventorypage">
<kw name="Click Element" library="SeleniumLibrary">
<arg>${cart_button}</arg>
<doc>Click the element identified by ``locator``.</doc>
<msg timestamp="20251026 12:04:38.139" level="INFO">Clicking element 'css:a.shopping_cart_link'.</msg>
<status status="PASS" starttime="20251026 12:04:38.138" endtime="20251026 12:04:38.246"/>
</kw>
<kw name="Location Should Be" library="SeleniumLibrary">
<arg>${cart_page_url}</arg>
<doc>Verifies that the current URL is exactly ``url``.</doc>
<msg timestamp="20251026 12:04:38.256" level="INFO">Current location is 'https://www.saucedemo.com/cart.html'.</msg>
<status status="PASS" starttime="20251026 12:04:38.246" endtime="20251026 12:04:38.256"/>
</kw>
<status status="PASS" starttime="20251026 12:04:38.138" endtime="20251026 12:04:38.256"/>
</kw>
<kw name="Verify Items In Cart" library="cartpage">
<arg>${cart_list}</arg>
<kw name="Collect List Of Elements" library="inventorypage">
<var>${current_items}</var>
<kw name="Get WebElements" library="SeleniumLibrary">
<var>@{elements}</var>
<arg>${itemList_locator}</arg>
<doc>Returns a list of WebElement objects matching the ``locator``.</doc>
<msg timestamp="20251026 12:04:38.269" level="INFO">@{elements} = [ &lt;selenium.webdriver.remote.webelement.WebElement (session="0020c3a7-c85c-44e4-9371-90e4d670b9c0", element="0a34ad60-9899-4940-b47c-2d00c5c8b6a8")&gt; | &lt;selenium.webdriver.remote.webelement.WebElement ...</msg>
<status status="PASS" starttime="20251026 12:04:38.262" endtime="20251026 12:04:38.269"/>
</kw>
<kw name="Create List" library="BuiltIn">
<var>${list}</var>
<doc>Returns a list containing given items.</doc>
<msg timestamp="20251026 12:04:38.269" level="INFO">${list} = []</msg>
<status status="PASS" starttime="20251026 12:04:38.269" endtime="20251026 12:04:38.270"/>
</kw>
<for flavor="IN">
<var>${element}</var>
<value>@{elements}</value>
<iter>
<var name="${element}">&lt;selenium.webdriver.remote.webelement.WebElement (session="0020c3a7-c85c-44e4-9371-90e4d670b9c0", element="0a34ad60-9899-4940-b47c-2d00c5c8b6a8")&gt;</var>
<kw name="Get Text" library="SeleniumLibrary">
<var>${text}</var>
<arg>${element}</arg>
<doc>Returns the text value of the element identified by ``locator``.</doc>
<msg timestamp="20251026 12:04:38.286" level="INFO">${text} = Sauce Labs Backpack</msg>
<status status="PASS" starttime="20251026 12:04:38.270" endtime="20251026 12:04:38.286"/>
</kw>
<kw name="Log" library="BuiltIn">
<arg>${text}</arg>
<doc>Logs the given message with the given level.</doc>
<msg timestamp="20251026 12:04:38.287" level="INFO">Sauce Labs Backpack</msg>
<status status="PASS" starttime="20251026 12:04:38.287" endtime="20251026 12:04:38.287"/>
</kw>
<kw name="Append To List" library="Collections">
<arg>${list}</arg>
<arg>${text}</arg>
<doc>Adds ``values`` to the end of ``list``.</doc>
<status status="PASS" starttime="20251026 12:04:38.287" endtime="20251026 12:04:38.287"/>
</kw>
<status status="PASS" starttime="20251026 12:04:38.270" endtime="20251026 12:04:38.287"/>
</iter>
<iter>
<var name="${element}">&lt;selenium.webdriver.remote.webelement.WebElement (session="0020c3a7-c85c-44e4-9371-90e4d670b9c0", element="df1e5a8b-7c24-4c7b-97cb-403d61b30e54")&gt;</var>
<kw name="Get Text" library="SeleniumLibrary">
<var>${text}</var>
<arg>${element}</arg>
<doc>Returns the text value of the element identified by ``locator``.</doc>
<msg timestamp="20251026 12:04:38.296" level="INFO">${text} = Sauce Labs Fleece Jacket</msg>
<status status="PASS" starttime="20251026 12:04:38.287" endtime="20251026 12:04:38.296"/>
</kw>
<kw name="Log" library="BuiltIn">
<arg>${text}</arg>
<doc>Logs the given message with the given level.</doc>
<msg timestamp="20251026 12:04:38.297" level="INFO">Sauce Labs Fleece Jacket</msg>
<status status="PASS" starttime="20251026 12:04:38.297" endtime="20251026 12:04:38.297"/>
</kw>
<kw name="Append To List" library="Collections">
<arg>${list}</arg>
<arg>${text}</arg>
<doc>Adds ``values`` to the end of ``list``.</doc>
<status status="PASS" starttime="20251026 12:04:38.297" endtime="20251026 12:04:38.297"/>
</kw>
<status status="PASS" starttime="20251026 12:04:38.287" endtime="20251026 12:04:38.297"/>
</iter>
<iter>
<var name="${element}">&lt;selenium.webdriver.remote.webelement.WebElement (session="0020c3a7-c85c-44e4-9371-90e4d670b9c0", element="58e84871-3777-4567-b617-e1b7ca82ee77")&gt;</var>
<kw name="Get Text" library="SeleniumLibrary">
<var>${text}</var>
<arg>${element}</arg>
<doc>Returns the text value of the element identified by ``locator``.</doc>
<msg timestamp="20251026 12:04:38.309" level="INFO">${text} = Sauce Labs Onesie</msg>
<status status="PASS" starttime="20251026 12:04:38.297" endtime="20251026 12:04:38.309"/>
</kw>
<kw name="Log" library="BuiltIn">
<arg>${text}</arg>
<doc>Logs the given message with the given level.</doc>
<msg timestamp="20251026 12:04:38.310" level="INFO">Sauce Labs Onesie</msg>
<status status="PASS" starttime="20251026 12:04:38.310" endtime="20251026 12:04:38.310"/>
</kw>
<kw name="Append To List" library="Collections">
<arg>${list}</arg>
<arg>${text}</arg>
<doc>Adds ``values`` to the end of ``list``.</doc>
<status status="PASS" starttime="20251026 12:04:38.310" endtime="20251026 12:04:38.310"/>
</kw>
<status status="PASS" starttime="20251026 12:04:38.297" endtime="20251026 12:04:38.310"/>
</iter>
<status status="PASS" starttime="20251026 12:04:38.270" endtime="20251026 12:04:38.310"/>
</for>
<return>
<value>${list}</value>
<status status="PASS" starttime="20251026 12:04:38.310" endtime="20251026 12:04:38.310"/>
</return>
<msg timestamp="20251026 12:04:38.310" level="INFO">${current_items} = ['Sauce Labs Backpack', 'Sauce Labs Fleece Jacket', 'Sauce Labs Onesie']</msg>
<status status="PASS" starttime="20251026 12:04:38.262" endtime="20251026 12:04:38.310"/>
</kw>
<kw name="Lists Should Be Equal" library="Collections">
<arg>${list}</arg>
<arg>${current_items}</arg>
<doc>Fails if given lists are unequal.</doc>
<status status="PASS" starttime="20251026 12:04:38.311" endtime="20251026 12:04:38.311"/>
</kw>
<status status="PASS" starttime="20251026 12:04:38.262" endtime="20251026 12:04:38.311"/>
</kw>
<kw name="Close The Browser" library="generic" type="TEARDOWN">
<kw name="Close Browser" library="SeleniumLibrary">
<doc>Closes the current browser.</doc>
<status status="PASS" starttime="20251026 12:04:38.312" endtime="20251026 12:04:41.441"/>
</kw>
<status status="PASS" starttime="20251026 12:04:38.312" endtime="20251026 12:04:41.441"/>
</kw>
<tag>REGRESSION</tag>
<tag>SMOKE</tag>
<status status="PASS" starttime="20251026 12:04:31.046" endtime="20251026 12:04:41.441"/>
</test>
<test id="s1-t2" name="Validate Remove Item From Cart" line="41">
<kw name="Open Webpage URL" library="generic" type="SETUP">
<arg>${browser_name}</arg>
<arg>${webpage_url}</arg>
<kw name="Create Webdriver" library="SeleniumLibrary">
<arg>${browser}</arg>
<arg>C:\webdriver_manager</arg>
<doc>Creates an instance of Selenium WebDriver.</doc>
<msg timestamp="20251026 12:04:41.443" level="INFO">Creating an instance of the Firefox WebDriver.</msg>
<status status="PASS" starttime="20251026 12:04:41.443" endtime="20251026 12:04:46.929"/>
</kw>
<kw name="Maximize Browser Window" library="SeleniumLibrary">
<doc>Maximizes current browser window.</doc>
<status status="PASS" starttime="20251026 12:04:46.929" endtime="20251026 12:04:47.200"/>
</kw>
<kw name="Go To" library="SeleniumLibrary">
<arg>${url}</arg>
<doc>Navigates the current browser window to the provided ``url``.</doc>
<msg timestamp="20251026 12:04:47.201" level="INFO">Opening url 'https://www.saucedemo.com/'</msg>
<status status="PASS" starttime="20251026 12:04:47.200" endtime="20251026 12:04:47.646"/>
</kw>
<status status="PASS" starttime="20251026 12:04:41.443" endtime="20251026 12:04:47.646"/>
</kw>
<kw name="Login Into The Webpage" library="loginpage">
<kw name="Enter User Credentials And Login" library="loginpage">
<arg>${valid_username}</arg>
<arg>${valid_password}</arg>
<kw name="Page Should Contain" library="SeleniumLibrary">
<arg>${logo_text}</arg>
<doc>Verifies that current page contains ``text``.</doc>
<msg timestamp="20251026 12:04:47.707" level="INFO">Current page contains text 'Swag Labs'.</msg>
<status status="PASS" starttime="20251026 12:04:47.650" endtime="20251026 12:04:47.708"/>
</kw>
<kw name="Input Text" library="SeleniumLibrary">
<arg>${email_input}</arg>
<arg>${username}</arg>
<doc>Types the given ``text`` into the text field identified by ``locator``.</doc>
<msg timestamp="20251026 12:04:47.708" level="INFO">Typing text 'standard_user' into text field 'css:#user-name'.</msg>
<status status="PASS" starttime="20251026 12:04:47.708" endtime="20251026 12:04:47.838"/>
</kw>
<kw name="Input Password" library="SeleniumLibrary">
<arg>${password_input}</arg>
<arg>${password}</arg>
<doc>Types the given password into the text field identified by ``locator``.</doc>
<msg timestamp="20251026 12:04:47.839" level="INFO">Typing password into text field 'css:#password'.</msg>
<msg timestamp="20251026 12:04:47.866" level="INFO">Temporally setting log level to: NONE</msg>
<msg timestamp="20251026 12:04:47.923" level="INFO">Log level changed from NONE to INFO.</msg>
<status status="PASS" starttime="20251026 12:04:47.838" endtime="20251026 12:04:47.923"/>
</kw>
<kw name="Click Button" library="SeleniumLibrary">
<arg>${login_button}</arg>
<doc>Clicks the button identified by ``locator``.</doc>
<msg timestamp="20251026 12:04:47.924" level="INFO">Clicking button 'id:login-button'.</msg>
<status status="PASS" starttime="20251026 12:04:47.923" endtime="20251026 12:04:48.046"/>
</kw>
<status status="PASS" starttime="20251026 12:04:47.650" endtime="20251026 12:04:48.046"/>
</kw>
<kw name="Verify HomePage Login" library="loginpage">
<kw name="Location Should Be" library="SeleniumLibrary">
<arg>${inventory_page_url}</arg>
<doc>Verifies that the current URL is exactly ``url``.</doc>
<msg timestamp="20251026 12:04:48.048" level="INFO">Current location is 'https://www.saucedemo.com/inventory.html'.</msg>
<status status="PASS" starttime="20251026 12:04:48.046" endtime="20251026 12:04:48.048"/>
</kw>
<status status="PASS" starttime="20251026 12:04:48.046" endtime="20251026 12:04:48.048"/>
</kw>
<status status="PASS" starttime="20251026 12:04:47.649" endtime="20251026 12:04:48.048"/>
</kw>
<kw name="Add Items To Cart" library="inventorypage">
<arg>${cart_list}</arg>
<for flavor="IN">
<var>${item}</var>
<value>@{list}</value>
<iter>
<var name="${item}">Sauce Labs Backpack</var>
<kw name="Get From Dictionary" library="Collections">
<var>${locator}</var>
<arg>${inventory_items}</arg>
<arg>${item}</arg>
<doc>Returns a value from the given ``dictionary`` based on the given ``key``.</doc>
<msg timestamp="20251026 12:04:48.050" level="INFO">${locator} = css:button#add-to-cart-sauce-labs-backpack</msg>
<status status="PASS" starttime="20251026 12:04:48.049" endtime="20251026 12:04:48.050"/>
</kw>
<kw name="Click Button" library="SeleniumLibrary">
<arg>${locator}</arg>
<doc>Clicks the button identified by ``locator``.</doc>
<msg timestamp="20251026 12:04:48.051" level="INFO">Clicking button 'css:button#add-to-cart-sauce-labs-backpack'.</msg>
<status status="PASS" starttime="20251026 12:04:48.050" endtime="20251026 12:04:48.120"/>
</kw>
<status status="PASS" starttime="20251026 12:04:48.049" endtime="20251026 12:04:48.120"/>
</iter>
<iter>
<var name="${item}">Sauce Labs Fleece Jacket</var>
<kw name="Get From Dictionary" library="Collections">
<var>${locator}</var>
<arg>${inventory_items}</arg>
<arg>${item}</arg>
<doc>Returns a value from the given ``dictionary`` based on the given ``key``.</doc>
<msg timestamp="20251026 12:04:48.120" level="INFO">${locator} = css:button#add-to-cart-sauce-labs-fleece-jacket</msg>
<status status="PASS" starttime="20251026 12:04:48.120" endtime="20251026 12:04:48.120"/>
</kw>
<kw name="Click Button" library="SeleniumLibrary">
<arg>${locator}</arg>
<doc>Clicks the button identified by ``locator``.</doc>
<msg timestamp="20251026 12:04:48.121" level="INFO">Clicking button 'css:button#add-to-cart-sauce-labs-fleece-jacket'.</msg>
<status status="PASS" starttime="20251026 12:04:48.120" endtime="20251026 12:04:48.192"/>
</kw>
<status status="PASS" starttime="20251026 12:04:48.120" endtime="20251026 12:04:48.192"/>
</iter>
<iter>
<var name="${item}">Sauce Labs Onesie</var>
<kw name="Get From Dictionary" library="Collections">
<var>${locator}</var>
<arg>${inventory_items}</arg>
<arg>${item}</arg>
<doc>Returns a value from the given ``dictionary`` based on the given ``key``.</doc>
<msg timestamp="20251026 12:04:48.193" level="INFO">${locator} = css:button#add-to-cart-sauce-labs-onesie</msg>
<status status="PASS" starttime="20251026 12:04:48.192" endtime="20251026 12:04:48.193"/>
</kw>
<kw name="Click Button" library="SeleniumLibrary">
<arg>${locator}</arg>
<doc>Clicks the button identified by ``locator``.</doc>
<msg timestamp="20251026 12:04:48.193" level="INFO">Clicking button 'css:button#add-to-cart-sauce-labs-onesie'.</msg>
<status status="PASS" starttime="20251026 12:04:48.193" endtime="20251026 12:04:48.318"/>
</kw>
<status status="PASS" starttime="20251026 12:04:48.192" endtime="20251026 12:04:48.318"/>
</iter>
<status status="PASS" starttime="20251026 12:04:48.049" endtime="20251026 12:04:48.318"/>
</for>
<status status="PASS" starttime="20251026 12:04:48.049" endtime="20251026 12:04:48.318"/>
</kw>
<kw name="Go To Cart" library="inventorypage">
<kw name="Click Element" library="SeleniumLibrary">
<arg>${cart_button}</arg>
<doc>Click the element identified by ``locator``.</doc>
<msg timestamp="20251026 12:04:48.320" level="INFO">Clicking element 'css:a.shopping_cart_link'.</msg>
<status status="PASS" starttime="20251026 12:04:48.320" endtime="20251026 12:04:48.408"/>
</kw>
<kw name="Location Should Be" library="SeleniumLibrary">
<arg>${cart_page_url}</arg>
<doc>Verifies that the current URL is exactly ``url``.</doc>
<msg timestamp="20251026 12:04:48.411" level="INFO">Current location is 'https://www.saucedemo.com/cart.html'.</msg>
<status status="PASS" starttime="20251026 12:04:48.408" endtime="20251026 12:04:48.411"/>
</kw>
<status status="PASS" starttime="20251026 12:04:48.319" endtime="20251026 12:04:48.411"/>
</kw>
<kw name="Remove Items From Cart" library="cartpage">
<arg>${remove_list}</arg>
<for flavor="IN">
<var>${item}</var>
<value>@{list}</value>
<iter>
<var name="${item}">Sauce Labs Fleece Jacket</var>
<kw name="Get From Dictionary" library="Collections">
<var>${locator}</var>
<arg>${items_remove_button}</arg>
<arg>${item}</arg>
<doc>Returns a value from the given ``dictionary`` based on the given ``key``.</doc>
<msg timestamp="20251026 12:04:48.412" level="INFO">${locator} = css:button#remove-sauce-labs-fleece-jacket</msg>
<status status="PASS" starttime="20251026 12:04:48.412" endtime="20251026 12:04:48.413"/>
</kw>
<kw name="Click Button" library="SeleniumLibrary">
<arg>${locator}</arg>
<doc>Clicks the button identified by ``locator``.</doc>
<msg timestamp="20251026 12:04:48.413" level="INFO">Clicking button 'css:button#remove-sauce-labs-fleece-jacket'.</msg>
<status status="PASS" starttime="20251026 12:04:48.413" endtime="20251026 12:04:48.505"/>
</kw>
<status status="PASS" starttime="20251026 12:04:48.412" endtime="20251026 12:04:48.505"/>
</iter>
<status status="PASS" starttime="20251026 12:04:48.412" endtime="20251026 12:04:48.505"/>
</for>
<kw name="Collect List Of Elements" library="inventorypage">
<var>${cart_items}</var>
<kw name="Get WebElements" library="SeleniumLibrary">
<var>@{elements}</var>
<arg>${itemList_locator}</arg>
<doc>Returns a list of WebElement objects matching the ``locator``.</doc>
<msg timestamp="20251026 12:04:48.510" level="INFO">@{elements} = [ &lt;selenium.webdriver.remote.webelement.WebElement (session="b84e4024-c8fa-4c3e-8a7b-e91c60d89b1e", element="132f85a6-0c35-49f0-82bf-7daa0ad0680b")&gt; | &lt;selenium.webdriver.remote.webelement.WebElement ...</msg>
<status status="PASS" starttime="20251026 12:04:48.505" endtime="20251026 12:04:48.510"/>
</kw>
<kw name="Create List" library="BuiltIn">
<var>${list}</var>
<doc>Returns a list containing given items.</doc>
<msg timestamp="20251026 12:04:48.510" level="INFO">${list} = []</msg>
<status status="PASS" starttime="20251026 12:04:48.510" endtime="20251026 12:04:48.511"/>
</kw>
<for flavor="IN">
<var>${element}</var>
<value>@{elements}</value>
<iter>
<var name="${element}">&lt;selenium.webdriver.remote.webelement.WebElement (session="b84e4024-c8fa-4c3e-8a7b-e91c60d89b1e", element="132f85a6-0c35-49f0-82bf-7daa0ad0680b")&gt;</var>
<kw name="Get Text" library="SeleniumLibrary">
<var>${text}</var>
<arg>${element}</arg>
<doc>Returns the text value of the element identified by ``locator``.</doc>
<msg timestamp="20251026 12:04:48.521" level="INFO">${text} = Sauce Labs Backpack</msg>
<status status="PASS" starttime="20251026 12:04:48.511" endtime="20251026 12:04:48.521"/>
</kw>
<kw name="Log" library="BuiltIn">
<arg>${text}</arg>
<doc>Logs the given message with the given level.</doc>
<msg timestamp="20251026 12:04:48.522" level="INFO">Sauce Labs Backpack</msg>
<status status="PASS" starttime="20251026 12:04:48.521" endtime="20251026 12:04:48.522"/>
</kw>
<kw name="Append To List" library="Collections">
<arg>${list}</arg>
<arg>${text}</arg>
<doc>Adds ``values`` to the end of ``list``.</doc>
<status status="PASS" starttime="20251026 12:04:48.522" endtime="20251026 12:04:48.522"/>
</kw>
<status status="PASS" starttime="20251026 12:04:48.511" endtime="20251026 12:04:48.522"/>
</iter>
<iter>
<var name="${element}">&lt;selenium.webdriver.remote.webelement.WebElement (session="b84e4024-c8fa-4c3e-8a7b-e91c60d89b1e", element="2790f9d4-d03a-40e1-a081-eeb2dc86b99a")&gt;</var>
<kw name="Get Text" library="SeleniumLibrary">
<var>${text}</var>
<arg>${element}</arg>
<doc>Returns the text value of the element identified by ``locator``.</doc>
<msg timestamp="20251026 12:04:48.531" level="INFO">${text} = Sauce Labs Onesie</msg>
<status status="PASS" starttime="20251026 12:04:48.522" endtime="20251026 12:04:48.531"/>
</kw>
<kw name="Log" library="BuiltIn">
<arg>${text}</arg>
<doc>Logs the given message with the given level.</doc>
<msg timestamp="20251026 12:04:48.532" level="INFO">Sauce Labs Onesie</msg>
<status status="PASS" starttime="20251026 12:04:48.532" endtime="20251026 12:04:48.532"/>
</kw>
<kw name="Append To List" library="Collections">
<arg>${list}</arg>
<arg>${text}</arg>
<doc>Adds ``values`` to the end of ``list``.</doc>
<status status="PASS" starttime="20251026 12:04:48.532" endtime="20251026 12:04:48.532"/>
</kw>
<status status="PASS" starttime="20251026 12:04:48.522" endtime="20251026 12:04:48.532"/>
</iter>
<status status="PASS" starttime="20251026 12:04:48.511" endtime="20251026 12:04:48.532"/>
</for>
<return>
<value>${list}</value>
<status status="PASS" starttime="20251026 12:04:48.532" endtime="20251026 12:04:48.532"/>
</return>
<msg timestamp="20251026 12:04:48.532" level="INFO">${cart_items} = ['Sauce Labs Backpack', 'Sauce Labs Onesie']</msg>
<status status="PASS" starttime="20251026 12:04:48.505" endtime="20251026 12:04:48.532"/>
</kw>
<kw name="Log" library="BuiltIn">
<arg>${cart_items}</arg>
<doc>Logs the given message with the given level.</doc>
<msg timestamp="20251026 12:04:48.533" level="INFO">['Sauce Labs Backpack', 'Sauce Labs Onesie']</msg>
<status status="PASS" starttime="20251026 12:04:48.533" endtime="20251026 12:04:48.533"/>
</kw>
<for flavor="IN">
<var>${item}</var>
<value>@{list}</value>
<iter>
<var name="${item}">Sauce Labs Fleece Jacket</var>
<kw name="List Should Not Contain Value" library="Collections">
<arg>${cart_items}</arg>
<arg>${item}</arg>
<doc>Fails if the ``value`` is found from ``list``.</doc>
<status status="PASS" starttime="20251026 12:04:48.533" endtime="20251026 12:04:48.533"/>
</kw>
<status status="PASS" starttime="20251026 12:04:48.533" endtime="20251026 12:04:48.533"/>
</iter>
<status status="PASS" starttime="20251026 12:04:48.533" endtime="20251026 12:04:48.533"/>
</for>
<status status="PASS" starttime="20251026 12:04:48.412" endtime="20251026 12:04:48.533"/>
</kw>
<kw name="Close The Browser" library="generic" type="TEARDOWN">
<kw name="Close Browser" library="SeleniumLibrary">
<doc>Closes the current browser.</doc>
<status status="PASS" starttime="20251026 12:04:48.537" endtime="20251026 12:04:51.743"/>
</kw>
<status status="PASS" starttime="20251026 12:04:48.536" endtime="20251026 12:04:51.743"/>
</kw>
<tag>REGRESSION</tag>
<status status="PASS" starttime="20251026 12:04:41.442" endtime="20251026 12:04:51.744"/>
</test>
<doc>Test cases for the cart page of the SauceDemo website.</doc>
<status status="PASS" starttime="20251026 12:04:30.751" endtime="20251026 12:04:51.745"/>
</suite>
<statistics>
<total>
<stat pass="2" fail="0" skip="0">All Tests</stat>
</total>
<tag>
<stat pass="2" fail="0" skip="0">REGRESSION</stat>
<stat pass="1" fail="0" skip="0">SMOKE</stat>
</tag>
<suite>
<stat pass="2" fail="0" skip="0" id="s1" name="Cart Page">Cart Page</stat>
</suite>
</statistics>
<errors>
</errors>
</robot>
